< envPaths
epicsEnvSet("IOC","iocSpinnaker")
epicsEnvSet("TOP","/local/epics/synApps_6_0/support/areaDetector-R3-3-1/ADSpinnaker/iocs/spinnakerIOC")
epicsEnvSet("ADSPINNAKER","/local/epics/synApps_6_0/support/areaDetector-R3-3-1/ADSpinnaker/iocs/spinnakerIOC/../..")
epicsEnvSet("SUPPORT","/local/epics/synApps_6_0/support")
epicsEnvSet("ASYN","/local/epics/synApps_6_0/support/asyn-R4-33")
epicsEnvSet("AREA_DETECTOR","/local/epics/synApps_6_0/support/areaDetector-R3-3-1")
epicsEnvSet("ADSUPPORT","/local/epics/synApps_6_0/support/areaDetector-R3-3-1/ADSupport")
epicsEnvSet("ADCORE","/local/epics/synApps_6_0/support/areaDetector-R3-3-1/ADCore")
epicsEnvSet("AUTOSAVE","/local/epics/synApps_6_0/support/autosave-R5-9")
epicsEnvSet("BUSY","/local/epics/synApps_6_0/support/busy-R1-7")
epicsEnvSet("CALC","/local/epics/synApps_6_0/support/calc-R3-7-1")
epicsEnvSet("SNCSEQ","/local/epics/synApps_6_0/support/seq-2-2-5")
epicsEnvSet("SSCAN","/local/epics/synApps_6_0/support/sscan-R2-11-1")
epicsEnvSet("DEVIOCSTATS","/local/epics/synApps_6_0/support/iocStats-3-1-15")
epicsEnvSet("ALIVE","/local/epics/synApps_6_0/support/alive-R1-1-0")
epicsEnvSet("EPICS_BASE","/local/epics/base-7.0.1.1")
errlogInit(20000)
dbLoadDatabase("/local/epics/synApps_6_0/support/areaDetector-R3-3-1/ADSpinnaker/iocs/spinnakerIOC/dbd/spinnakerApp.dbd")
spinnakerApp_registerRecordDeviceDriver(pdbbase) 
# Prefix for all records
epicsEnvSet("PREFIX", "2bmbSP1:")
# Use this line for the first Point Grey camera in the system
#epicsEnvSet("CAMERA_ID", "0")
# Use this line for a specific camera by serial number, in this case a Grasshopper3 USB
#epicsEnvSet("CAMERA_ID", "17476170")
# Use this line for a specific camera by serial number, in this case a BlackFlyS GigE
#epicsEnvSet("CAMERA_ID", "17165235")
# Use this line for a specific camera by serial number, in this case an Oryx 10GigE
epicsEnvSet("CAMERA_ID", "18092474")
< st.cmd.base
epicsEnvSet("IOC","ioc2bmbSpinnaker")
epicsEnvSet("ENGINEER","Engbretson")
epicsEnvSet("LOCATION","2BMB")
epicsEnvSet("GROUP","Imaging")
epicsEnvSet("ARCH","linux-x86_x64-Ubunto-18.04")
# Prefix for all records
epicsEnvSet("PREFIX", "2bmbSP1:")
# The port name for the detector
epicsEnvSet("PORT",   "SP1")
# Really large queue so we can stream to disk at full camera speed
epicsEnvSet("QSIZE",  "2000")   
# The maximim image width; used for row profiles in the NDPluginStats plugin
epicsEnvSet("XSIZE",  "2048")
# The maximim image height; used for column profiles in the NDPluginStats plugin
epicsEnvSet("YSIZE",  "2048")
# The maximum number of time series points in the NDPluginStats plugin
epicsEnvSet("NCHANS", "2048")
# The maximum number of frames buffered in the NDPluginCircularBuff plugin
epicsEnvSet("CBUFFS", "500")
# The search path for database files
epicsEnvSet("EPICS_DB_INCLUDE_PATH", "/local/epics/synApps_6_0/support/areaDetector-R3-3-1/ADCore/db:/local/epics/synApps_6_0/support/areaDetector-R3-3-1/ADSpinnaker/iocs/spinnakerIOC/../../db")
# Define NELEMENTS to be enough for a 2048x2048x3 (color) image
epicsEnvSet("NELEMENTS", "12592912")
# ADSpinnakerConfig(const char *portName, const char *cameraId, int traceMask, int memoryChannel,
#                 int maxBuffers, size_t maxMemory, int priority, int stackSize)
ADSpinnakerConfig("SP1", 18092474, 0x1, 0)
Application build date: Sep 24 2018 08:51:14

Spinnaker library version: 1.15.0.63

Number of cameras detected: 1


Number of cameras detected: 1
Camera 0
   Device Vendor Name   (DeviceVendorName):FLIR
   Device Model Name (DeviceModelName):Oryx ORX-10G-51S5M
   Device Serial Number (DeviceSerialNumber):18092474
   Unknown (DeviceVersion):Not available
   Device Type (DeviceType):GEV
Property list
Port: SP1
  Timestamp: <undefined>
  Input EOS[0]: 
  Output EOS[0]: 
Parameter list 0
Number of parameters is: 90
Parameter 0 type=string, name=PORT_NAME_SELF, value=SP1, status=0
Parameter 1 type=string, name=ADCORE_VERSION, value=3.3.1, status=0
Parameter 2 type=string, name=DRIVER_VERSION, value=3.3.1, status=0
Parameter 3 type=asynInt32, name=ARRAY_SIZE_X, value=0, status=0
Parameter 4 type=asynInt32, name=ARRAY_SIZE_Y, value=0, status=0
Parameter 5 type=asynInt32, name=ARRAY_SIZE_Z, value=0, status=0
Parameter 6 type=asynInt32, name=ARRAY_SIZE, value=0, status=0
Parameter 7 type=asynInt32, name=ARRAY_NDIMENSIONS, value=0, status=0
Parameter 8 type=asynInt32, name=ARRAY_DIMENSIONS, value is undefined
Parameter 9 type=asynInt32, name=DATA_TYPE, value is undefined
Parameter 10 type=asynInt32, name=COLOR_MODE, value=0, status=0
Parameter 11 type=asynInt32, name=UNIQUE_ID, value=0, status=0
Parameter 12 type=asynFloat64, name=TIME_STAMP, value=0.000000, status=0
Parameter 13 type=asynInt32, name=EPICS_TS_SEC, value=0, status=0
Parameter 14 type=asynInt32, name=EPICS_TS_NSEC, value=0, status=0
Parameter 15 type=asynInt32, name=BAYER_PATTERN, value=0, status=0
Parameter 16 type=asynInt32, name=ARRAY_COUNTER, value=0, status=0
Parameter 17 type=string, name=FILE_PATH, value=, status=0
Parameter 18 type=asynInt32, name=FILE_PATH_EXISTS, value is undefined
Parameter 19 type=string, name=FILE_NAME, value=, status=0
Parameter 20 type=asynInt32, name=FILE_NUMBER, value=0, status=0
Parameter 21 type=string, name=FILE_TEMPLATE, value=%s%s_%3.3d.dat, status=0
Parameter 22 type=asynInt32, name=AUTO_INCREMENT, value=0, status=0
Parameter 23 type=string, name=FULL_FILE_NAME, value is undefined
Parameter 24 type=asynInt32, name=FILE_FORMAT, value is undefined
Parameter 25 type=asynInt32, name=AUTO_SAVE, value is undefined
Parameter 26 type=asynInt32, name=WRITE_FILE, value=0, status=0
Parameter 27 type=asynInt32, name=READ_FILE, value=0, status=0
Parameter 28 type=asynInt32, name=WRITE_MODE, value is undefined
Parameter 29 type=asynInt32, name=WRITE_STATUS, value=0, status=0
Parameter 30 type=string, name=WRITE_MESSAGE, value=, status=0
Parameter 31 type=asynInt32, name=NUM_CAPTURE, value is undefined
Parameter 32 type=asynInt32, name=NUM_CAPTURED, value=0, status=0
Parameter 33 type=asynInt32, name=CAPTURE, value=0, status=0
Parameter 34 type=asynInt32, name=DELETE_DRIVER_FILE, value is undefined
Parameter 35 type=asynInt32, name=FILE_LAZY_OPEN, value is undefined
Parameter 36 type=asynInt32, name=CREATE_DIR, value=0, status=0
Parameter 37 type=string, name=FILE_TEMP_SUFFIX, value=, status=0
Parameter 38 type=string, name=ND_ATTRIBUTES_FILE, value=, status=0
Parameter 39 type=asynInt32, name=ND_ATTRIBUTES_STATUS, value=1, status=0
Parameter 40 type=string, name=ND_ATTRIBUTES_MACROS, value=, status=0
Parameter 41 is undefined, name=ARRAY_DATA
Parameter 42 type=asynInt32, name=ARRAY_CALLBACKS, value is undefined
Parameter 43 type=asynInt32, name=POOL_MAX_BUFFERS, value is undefined
Parameter 44 type=asynInt32, name=POOL_ALLOC_BUFFERS, value=0, status=0
Parameter 45 type=asynInt32, name=POOL_FREE_BUFFERS, value=0, status=0
Parameter 46 type=asynFloat64, name=POOL_MAX_MEMORY, value=0.000000, status=0
Parameter 47 type=asynFloat64, name=POOL_USED_MEMORY, value=0.000000, status=0
Parameter 48 type=asynInt32, name=POOL_EMPTY_FREELIST, value is undefined
Parameter 49 type=asynInt32, name=NUM_QUEUED_ARRAYS, value=0, status=0
Parameter 50 type=string, name=MANUFACTURER, value is undefined
Parameter 51 type=string, name=MODEL, value is undefined
Parameter 52 type=string, name=SERIAL_NUMBER, value is undefined
Parameter 53 type=string, name=SDK_VERSION, value is undefined
Parameter 54 type=string, name=FIRMWARE_VERSION, value is undefined
Parameter 55 type=asynFloat64, name=GAIN, value is undefined
Parameter 56 type=asynInt32, name=BIN_X, value is undefined
Parameter 57 type=asynInt32, name=BIN_Y, value is undefined
Parameter 58 type=asynInt32, name=MIN_X, value is undefined
Parameter 59 type=asynInt32, name=MIN_Y, value is undefined
Parameter 60 type=asynInt32, name=SIZE_X, value is undefined
Parameter 61 type=asynInt32, name=SIZE_Y, value is undefined
Parameter 62 type=asynInt32, name=MAX_SIZE_X, value=1, status=0
Parameter 63 type=asynInt32, name=MAX_SIZE_Y, value=1, status=0
Parameter 64 type=asynInt32, name=REVERSE_X, value is undefined
Parameter 65 type=asynInt32, name=REVERSE_Y, value is undefined
Parameter 66 type=asynInt32, name=FRAME_TYPE, value is undefined
Parameter 67 type=asynInt32, name=IMAGE_MODE, value is undefined
Parameter 68 type=asynInt32, name=NEXPOSURES, value is undefined
Parameter 69 type=asynInt32, name=NEXPOSURES_COUNTER, value=0, status=0
Parameter 70 type=asynInt32, name=NIMAGES, value is undefined
Parameter 71 type=asynInt32, name=NIMAGES_COUNTER, value=0, status=0
Parameter 72 type=asynFloat64, name=ACQ_TIME, value is undefined
Parameter 73 type=asynFloat64, name=ACQ_PERIOD, value is undefined
Parameter 74 type=asynFloat64, name=TIME_REMAINING, value=0.000000, status=0
Parameter 75 type=asynInt32, name=STATUS, value=0, status=0
Parameter 76 type=asynInt32, name=TRIGGER_MODE, value is undefined
Parameter 77 type=asynInt32, name=ACQUIRE, value=0, status=0
Parameter 78 type=asynInt32, name=SHUTTER_CONTROL, value is undefined
Parameter 79 type=asynInt32, name=SHUTTER_CONTROL_EPICS, value is undefined
Parameter 80 type=asynInt32, name=SHUTTER_STATUS, value=0, status=0
Parameter 81 type=asynInt32, name=SHUTTER_MODE, value is undefined
Parameter 82 type=asynFloat64, name=SHUTTER_OPEN_DELAY, value is undefined
Parameter 83 type=asynFloat64, name=SHUTTER_CLOSE_DELAY, value is undefined
Parameter 84 type=asynFloat64, name=TEMPERATURE, value is undefined
Parameter 85 type=asynFloat64, name=TEMPERATURE_ACTUAL, value is undefined
Parameter 86 type=asynInt32, name=READ_STATUS, value is undefined
Parameter 87 type=string, name=STATUS_MESSAGE, value=, status=0
Parameter 88 type=string, name=STRING_TO_SERVER, value=, status=0
Parameter 89 type=string, name=STRING_FROM_SERVER, value=, status=0
asynSetTraceIOMask(SP1, 0, 2)
# Set ASYN_TRACE_WARNING and ASYN_TRACE_ERROR
#asynSetTraceMask($(PORT), 0, 0x21)
#asynSetTraceFile($(PORT), 0, "asynTrace.out")
#asynSetTraceInfoMask($(PORT), 0, 0xf)
set_requestfile_path("/local/epics/synApps_6_0/support/areaDetector-R3-3-1/ADSpinnaker/iocs/spinnakerIOC/../../Db")
set_requestfile_path("/local/epics/synApps_6_0/support/areaDetector-R3-3-1/ADCore/Db")
# Main database.  This just loads and modifies ADBase.template
dbLoadRecords("/local/epics/synApps_6_0/support/areaDetector-R3-3-1/ADSpinnaker/iocs/spinnakerIOC/../../db/spinnaker.template", "P=2bmbSP1:,R=cam1:,PORT=SP1")
# Video mode
dbLoadRecords("/local/epics/synApps_6_0/support/areaDetector-R3-3-1/ADSpinnaker/iocs/spinnakerIOC/../../db/spinnakerMenuProp.template",  "P=2bmbSP1:,R=cam1:,PORT=SP1,PROP=VideoMode,PN=SP_VIDEO_MODE")
# Frame rate
dbLoadRecords("/local/epics/synApps_6_0/support/areaDetector-R3-3-1/ADSpinnaker/iocs/spinnakerIOC/../../db/spinnakerFloatProp.template",   "P=2bmbSP1:,R=cam1:,PORT=SP1,PROP=FrameRate,PN=SP_FRAME_RATE,VAL=10.,READBACK=1")
dbLoadRecords("/local/epics/synApps_6_0/support/areaDetector-R3-3-1/ADSpinnaker/iocs/spinnakerIOC/../../db/spinnakerPropAuto.template",    "P=2bmbSP1:,R=cam1:,PORT=SP1,PROP=FrameRate,PN=SP_FRAME_RATE")
dbLoadRecords("/local/epics/synApps_6_0/support/areaDetector-R3-3-1/ADSpinnaker/iocs/spinnakerIOC/../../db/spinnakerPropEnable.template",  "P=2bmbSP1:,R=cam1:,PORT=SP1,PROP=FrameRate,PN=SP_FRAME_RATE")
# Acquire time
dbLoadRecords("/local/epics/synApps_6_0/support/areaDetector-R3-3-1/ADSpinnaker/iocs/spinnakerIOC/../../db/spinnakerPropAuto.template",     "P=2bmbSP1:,R=cam1:,PORT=SP1,PROP=AcquireTime,PN=ACQ_TIME")
dbLoadRecords("/local/epics/synApps_6_0/support/areaDetector-R3-3-1/ADSpinnaker/iocs/spinnakerIOC/../../db/spinnakerFloatMinMax.template",  "P=2bmbSP1:,R=cam1:,PORT=SP1,PROP=AcquireTime,PN=ACQ_TIME")
# Gain
dbLoadRecords("/local/epics/synApps_6_0/support/areaDetector-R3-3-1/ADSpinnaker/iocs/spinnakerIOC/../../db/spinnakerPropAuto.template",     "P=2bmbSP1:,R=cam1:,PORT=SP1,PROP=Gain,PN=GAIN")
dbLoadRecords("/local/epics/synApps_6_0/support/areaDetector-R3-3-1/ADSpinnaker/iocs/spinnakerIOC/../../db/spinnakerFloatMinMax.template",  "P=2bmbSP1:,R=cam1:,PORT=SP1,PROP=Gain,PN=GAIN")
# Black level
dbLoadRecords("/local/epics/synApps_6_0/support/areaDetector-R3-3-1/ADSpinnaker/iocs/spinnakerIOC/../../db/spinnakerFloatProp.template", "P=2bmbSP1:,R=cam1:,PORT=SP1,PROP=BlackLevel,PN=SP_BLACK_LEVEL,VAL=0.0")
dbLoadRecords("/local/epics/synApps_6_0/support/areaDetector-R3-3-1/ADSpinnaker/iocs/spinnakerIOC/../../db/spinnakerPropAuto.template",  "P=2bmbSP1:,R=cam1:,PORT=SP1,PROP=BlackLevel,PN=SP_BLACK_LEVEL")
# Black level balance.  No value, only auto
dbLoadRecords("/local/epics/synApps_6_0/support/areaDetector-R3-3-1/ADSpinnaker/iocs/spinnakerIOC/../../db/spinnakerPropAuto.template",  "P=2bmbSP1:,R=cam1:,PORT=SP1,PROP=BlackLevelBalance,PN=SP_BLACK_LEVEL_BALANCE")
# White balance controls
dbLoadRecords("/local/epics/synApps_6_0/support/areaDetector-R3-3-1/ADSpinnaker/iocs/spinnakerIOC/../../db/spinnakerFloatProp.template", "P=2bmbSP1:,R=cam1:,PORT=SP1,PROP=WhiteBalanceRatio,    PN=SP_WHITE_BALANCE_RATIO,VAL=0.0")
dbLoadRecords("/local/epics/synApps_6_0/support/areaDetector-R3-3-1/ADSpinnaker/iocs/spinnakerIOC/../../db/spinnakerMenuProp.template",  "P=2bmbSP1:,R=cam1:,PORT=SP1,PROP=WhiteBalanceSelector, PN=SP_WHITE_BALANCE_SELECTOR")
dbLoadRecords("/local/epics/synApps_6_0/support/areaDetector-R3-3-1/ADSpinnaker/iocs/spinnakerIOC/../../db/spinnakerPropAuto.template",  "P=2bmbSP1:,R=cam1:,PORT=SP1,PROP=WhiteBalance,         PN=SP_WHITE_BALANCE")
# Saturation
dbLoadRecords("/local/epics/synApps_6_0/support/areaDetector-R3-3-1/ADSpinnaker/iocs/spinnakerIOC/../../db/spinnakerFloatProp.template",  "P=2bmbSP1:,R=cam1:,PORT=SP1,PROP=Saturation,PN=SP_SATURATION,VAL=0.1")
dbLoadRecords("/local/epics/synApps_6_0/support/areaDetector-R3-3-1/ADSpinnaker/iocs/spinnakerIOC/../../db/spinnakerPropEnable.template", "P=2bmbSP1:,R=cam1:,PORT=SP1,PROP=Saturation,PN=SP_SATURATION")
# Gamma
dbLoadRecords("/local/epics/synApps_6_0/support/areaDetector-R3-3-1/ADSpinnaker/iocs/spinnakerIOC/../../db/spinnakerFloatProp.template",  "P=2bmbSP1:,R=cam1:,PORT=SP1,PROP=Gamma,PN=SP_GAMMA,VAL=1.0")
dbLoadRecords("/local/epics/synApps_6_0/support/areaDetector-R3-3-1/ADSpinnaker/iocs/spinnakerIOC/../../db/spinnakerPropEnable.template", "P=2bmbSP1:,R=cam1:,PORT=SP1,PROP=Gamma,PN=SP_GAMMA")
# Sharpening
dbLoadRecords("/local/epics/synApps_6_0/support/areaDetector-R3-3-1/ADSpinnaker/iocs/spinnakerIOC/../../db/spinnakerFloatProp.template",   "P=2bmbSP1:,R=cam1:,PORT=SP1,PROP=Sharpening,PN=SP_SHARPENING")
dbLoadRecords("/local/epics/synApps_6_0/support/areaDetector-R3-3-1/ADSpinnaker/iocs/spinnakerIOC/../../db/spinnakerPropAuto.template",    "P=2bmbSP1:,R=cam1:,PORT=SP1,PROP=Sharpening,PN=SP_SHARPENING")
dbLoadRecords("/local/epics/synApps_6_0/support/areaDetector-R3-3-1/ADSpinnaker/iocs/spinnakerIOC/../../db/spinnakerPropEnable.template",  "P=2bmbSP1:,R=cam1:,PORT=SP1,PROP=Sharpening,PN=SP_SHARPENING")
# Pixel format
dbLoadRecords("/local/epics/synApps_6_0/support/areaDetector-R3-3-1/ADSpinnaker/iocs/spinnakerIOC/../../db/spinnakerMenuProp.template",  "P=2bmbSP1:,R=cam1:,PORT=SP1,PROP=PixelFormat,PN=SP_PIXEL_FORMAT")
# Convert pixel format.  This has a non-generic template file because we constrain the menu choices.
dbLoadRecords("/local/epics/synApps_6_0/support/areaDetector-R3-3-1/ADSpinnaker/iocs/spinnakerIOC/../../db/spinnakerConvertPixelFormat.template", "P=2bmbSP1:,R=cam1:,PORT=SP1,PROP=ConvertPixelFormat,PN=SP_CONVERT_PIXEL_FORMAT")
# Trigger source
dbLoadRecords("/local/epics/synApps_6_0/support/areaDetector-R3-3-1/ADSpinnaker/iocs/spinnakerIOC/../../db/spinnakerMenuProp.template",  "P=2bmbSP1:,R=cam1:,PORT=SP1,PROP=TriggerSource,PN=SP_TRIGGER_SOURCE")
# Trigger activation
dbLoadRecords("/local/epics/synApps_6_0/support/areaDetector-R3-3-1/ADSpinnaker/iocs/spinnakerIOC/../../db/spinnakerMenuProp.template",  "P=2bmbSP1:,R=cam1:,PORT=SP1,PROP=TriggerActivation,PN=SP_TRIGGER_ACTIVATION")
# Trigger delay
dbLoadRecords("/local/epics/synApps_6_0/support/areaDetector-R3-3-1/ADSpinnaker/iocs/spinnakerIOC/../../db/spinnakerFloatProp.template",  "P=2bmbSP1:,R=cam1:,PORT=SP1,PROP=TriggerDelay,PN=SP_TRIGGER_DELAY,VAL=0.01")
dbLoadRecords("/local/epics/synApps_6_0/support/areaDetector-R3-3-1/ADSpinnaker/iocs/spinnakerIOC/../../db/spinnakerPropEnable.template", "P=2bmbSP1:,R=cam1:,PORT=SP1,PROP=TriggerDelay,PN=SP_TRIGGER_DELAY")
# Trigger overlap
dbLoadRecords("/local/epics/synApps_6_0/support/areaDetector-R3-3-1/ADSpinnaker/iocs/spinnakerIOC/../../db/spinnakerMenuProp.template",  "P=2bmbSP1:,R=cam1:,PORT=SP1,PROP=TriggerOverlap,PN=SP_TRIGGER_OVERLAP")
# Exposure mode
dbLoadRecords("/local/epics/synApps_6_0/support/areaDetector-R3-3-1/ADSpinnaker/iocs/spinnakerIOC/../../db/spinnakerMenuProp.template",  "P=2bmbSP1:,R=cam1:,PORT=SP1,PROP=ExposureMode,PN=SP_EXPOSURE_MODE")
# Software trigger
dbLoadRecords("/local/epics/synApps_6_0/support/areaDetector-R3-3-1/ADSpinnaker/iocs/spinnakerIOC/../../db/spinnakerCmdProp.template", "P=2bmbSP1:,R=cam1:,PORT=SP1,PROP=SoftwareTrigger,PN=SP_SOFTWARE_TRIGGER")
# Transport diagnostics
dbLoadRecords("/local/epics/synApps_6_0/support/areaDetector-R3-3-1/ADSpinnaker/iocs/spinnakerIOC/../../db/spinnakerIntReadback.template", "P=2bmbSP1:,R=cam1:,PORT=SP1,PROP=TransmitFailureCount,PN=SP_TRANSMIT_FAILURE_COUNT")
dbLoadRecords("/local/epics/synApps_6_0/support/areaDetector-R3-3-1/ADSpinnaker/iocs/spinnakerIOC/../../db/spinnakerIntReadback.template", "P=2bmbSP1:,R=cam1:,PORT=SP1,PROP=BufferUnderrunCount, PN=SP_BUFFER_UNDERRUN_COUNT")
dbLoadRecords("/local/epics/synApps_6_0/support/areaDetector-R3-3-1/ADSpinnaker/iocs/spinnakerIOC/../../db/spinnakerIntReadback.template", "P=2bmbSP1:,R=cam1:,PORT=SP1,PROP=FailedBufferCount,   PN=SP_FAILED_BUFFER_COUNT")
dbLoadRecords("/local/epics/synApps_6_0/support/areaDetector-R3-3-1/ADSpinnaker/iocs/spinnakerIOC/../../db/spinnakerIntReadback.template", "P=2bmbSP1:,R=cam1:,PORT=SP1,PROP=FailedPacketCount,   PN=SP_FAILED_PACKET_COUNT")
# Create a standard arrays plugin
NDStdArraysConfigure("Image1", 5, 0, "SP1", 0, 0)
# Use this line for 8-bit data only
#dbLoadRecords("$(ADCORE)/db/NDStdArrays.template", "P=$(PREFIX),R=image1:,PORT=Image1,ADDR=0,TIMEOUT=1,NDARRAY_PORT=$(PORT),TYPE=Int8,FTVL=CHAR,NELEMENTS=$(NELEMENTS)")
# Use this line for 8-bit or 16-bit data
dbLoadRecords("/local/epics/synApps_6_0/support/areaDetector-R3-3-1/ADCore/db/NDStdArrays.template", "P=2bmbSP1:,R=image1:,PORT=Image1,ADDR=0,TIMEOUT=1,NDARRAY_PORT=SP1,TYPE=Int16,FTVL=SHORT,NELEMENTS=12592912")
# Load all other plugins using commonPlugins.cmd
< /local/epics/synApps_6_0/support/areaDetector-R3-3-1/ADCore/iocBoot/commonPlugins.cmd
# This is an example file for creating plugins
# It uses the following environment variable macros
# Many of the parameters defined in this file are also in commonPlugins_settings.req so if autosave is being
# use the autosave value will replace the value passed to this file.
# $(PREFIX)      Prefix for all records
# $(PORT)        The port name for the detector.  In autosave.
# $(QSIZE)       The queue size for all plugins.  In autosave.
# $(XSIZE)       The maximum image width; used to set the maximum size for row profiles in the NDPluginStats plugin and 1-D FFT
#                   profiles in NDPluginFFT.
# $(YSIZE)       The maximum image height; used to set the maximum size for column profiles in the NDPluginStats plugin
# $(NCHANS)      The maximum number of time series points in the NDPluginStats, NDPluginROIStats, and NDPluginAttribute plugins
# $(CBUFFS)      The maximum number of frames buffered in the NDPluginCircularBuff plugin
# $(MAX_THREADS) The maximum number of threads for plugins which can run in multiple threads. Defaults to 5.
# Create a netCDF file saving plugin
NDFileNetCDFConfigure("FileNetCDF1", 2000, 0, "SP1", 0)
dbLoadRecords("NDFileNetCDF.template","P=2bmbSP1:,R=netCDF1:,PORT=FileNetCDF1,ADDR=0,TIMEOUT=1,NDARRAY_PORT=SP1")
# Create a TIFF file saving plugin
NDFileTIFFConfigure("FileTIFF1", 2000, 0, "SP1", 0)
dbLoadRecords("NDFileTIFF.template",  "P=2bmbSP1:,R=TIFF1:,PORT=FileTIFF1,ADDR=0,TIMEOUT=1,NDARRAY_PORT=SP1")
# Create a JPEG file saving plugin
NDFileJPEGConfigure("FileJPEG1", 2000, 0, "SP1", 0)
dbLoadRecords("NDFileJPEG.template",  "P=2bmbSP1:,R=JPEG1:,PORT=FileJPEG1,ADDR=0,TIMEOUT=1,NDARRAY_PORT=SP1")
# Create a NeXus file saving plugin
NDFileNexusConfigure("FileNexus1", 2000, 0, "SP1", 0)
dbLoadRecords("NDFileNexus.template", "P=2bmbSP1:,R=Nexus1:,PORT=FileNexus1,ADDR=0,TIMEOUT=1,NDARRAY_PORT=SP1")
# Create an HDF5 file saving plugin
NDFileHDF5Configure("FileHDF1", 2000, 0, "SP1", 0)
dbLoadRecords("NDFileHDF5.template",  "P=2bmbSP1:,R=HDF1:,PORT=FileHDF1,ADDR=0,TIMEOUT=1,NDARRAY_PORT=SP1")
# Create a Magick file saving plugin
NDFileMagickConfigure("FileMagick1", 2000, 0, "SP1", 0)
dbLoadRecords("NDFileMagick.template","P=2bmbSP1:,R=Magick1:,PORT=FileMagick1,ADDR=0,TIMEOUT=1,NDARRAY_PORT=SP1")
# Create 4 ROI plugins
NDROIConfigure("ROI1", 2000, 0, "SP1", 0, 0, 0, 0, 0, 5)
dbLoadRecords("NDROI.template",       "P=2bmbSP1:,R=ROI1:,  PORT=ROI1,ADDR=0,TIMEOUT=1,NDARRAY_PORT=SP1")
NDROIConfigure("ROI2", 2000, 0, "SP1", 0, 0, 0, 0, 0, 5)
dbLoadRecords("NDROI.template",       "P=2bmbSP1:,R=ROI2:,  PORT=ROI2,ADDR=0,TIMEOUT=1,NDARRAY_PORT=SP1")
NDROIConfigure("ROI3", 2000, 0, "SP1", 0, 0, 0, 0, 0, 5)
dbLoadRecords("NDROI.template",       "P=2bmbSP1:,R=ROI3:,  PORT=ROI3,ADDR=0,TIMEOUT=1,NDARRAY_PORT=SP1")
NDROIConfigure("ROI4", 2000, 0, "SP1", 0, 0, 0, 0, 0, 5)
dbLoadRecords("NDROI.template",       "P=2bmbSP1:,R=ROI4:,  PORT=ROI4,ADDR=0,TIMEOUT=1,NDARRAY_PORT=SP1")
# Create 8 ROIStat plugins
NDROIStatConfigure("ROISTAT1", 2000, 0, "SP1", 0, 8, 0, 0, 0, 0, 5)
dbLoadRecords("NDROIStat.template",   "P=2bmbSP1:,R=ROIStat1:  ,PORT=ROISTAT1,ADDR=0,TIMEOUT=1,NDARRAY_PORT=SP1,NCHANS=2048")
dbLoadRecords("NDROIStatN.template",  "P=2bmbSP1:,R=ROIStat1:1:,PORT=ROISTAT1,ADDR=0,TIMEOUT=1,NCHANS=2048")
dbLoadRecords("NDROIStatN.template",  "P=2bmbSP1:,R=ROIStat1:2:,PORT=ROISTAT1,ADDR=1,TIMEOUT=1,NCHANS=2048")
dbLoadRecords("NDROIStatN.template",  "P=2bmbSP1:,R=ROIStat1:3:,PORT=ROISTAT1,ADDR=2,TIMEOUT=1,NCHANS=2048")
dbLoadRecords("NDROIStatN.template",  "P=2bmbSP1:,R=ROIStat1:4:,PORT=ROISTAT1,ADDR=3,TIMEOUT=1,NCHANS=2048")
dbLoadRecords("NDROIStatN.template",  "P=2bmbSP1:,R=ROIStat1:5:,PORT=ROISTAT1,ADDR=4,TIMEOUT=1,NCHANS=2048")
dbLoadRecords("NDROIStatN.template",  "P=2bmbSP1:,R=ROIStat1:6:,PORT=ROISTAT1,ADDR=5,TIMEOUT=1,NCHANS=2048")
dbLoadRecords("NDROIStatN.template",  "P=2bmbSP1:,R=ROIStat1:7:,PORT=ROISTAT1,ADDR=6,TIMEOUT=1,NCHANS=2048")
dbLoadRecords("NDROIStatN.template",  "P=2bmbSP1:,R=ROIStat1:8:,PORT=ROISTAT1,ADDR=7,TIMEOUT=1,NCHANS=2048")
# Create a processing plugin
NDProcessConfigure("PROC1", 2000, 0, "SP1", 0, 0, 0)
dbLoadRecords("NDProcess.template",   "P=2bmbSP1:,R=Proc1:,  PORT=PROC1,ADDR=0,TIMEOUT=1,NDARRAY_PORT=SP1")
# Create a TIFF file plugin to read dark and flatfield images into the processing plugin
NDFileTIFFConfigure("PROC1TIFF", 2000, 0, "SP1", 0)
dbLoadRecords("NDFileTIFF.template",  "P=2bmbSP1:,R=Proc1:TIFF:,PORT=PROC1TIFF,ADDR=0,TIMEOUT=1,NDARRAY_PORT=SP1")
# Create a scatter plugin
NDScatterConfigure("SCATTER1", 2000, 0, "SP1", 0, 0, 0)
dbLoadRecords("NDScatter.template",   "P=2bmbSP1:,R=Scatter1:,  PORT=SCATTER1,ADDR=0,TIMEOUT=1,NDARRAY_PORT=SP1")
# Create a gather plugin with 8 ports
NDGatherConfigure("GATHER1", 2000, 0, 8, 0, 0)
dbLoadRecords("NDGather.template",   "P=2bmbSP1:,R=Gather1:, PORT=GATHER1,ADDR=0,TIMEOUT=1,NDARRAY_PORT=SP1")
dbLoadRecords("NDGatherN.template",   "P=2bmbSP1:,R=Gather1:, N=1, PORT=GATHER1,ADDR=0,TIMEOUT=1,NDARRAY_PORT=SP1")
dbLoadRecords("NDGatherN.template",   "P=2bmbSP1:,R=Gather1:, N=2, PORT=GATHER1,ADDR=1,TIMEOUT=1,NDARRAY_PORT=SP1")
dbLoadRecords("NDGatherN.template",   "P=2bmbSP1:,R=Gather1:, N=3, PORT=GATHER1,ADDR=2,TIMEOUT=1,NDARRAY_PORT=SP1")
dbLoadRecords("NDGatherN.template",   "P=2bmbSP1:,R=Gather1:, N=4, PORT=GATHER1,ADDR=3,TIMEOUT=1,NDARRAY_PORT=SP1")
dbLoadRecords("NDGatherN.template",   "P=2bmbSP1:,R=Gather1:, N=5, PORT=GATHER1,ADDR=4,TIMEOUT=1,NDARRAY_PORT=SP1")
dbLoadRecords("NDGatherN.template",   "P=2bmbSP1:,R=Gather1:, N=6, PORT=GATHER1,ADDR=5,TIMEOUT=1,NDARRAY_PORT=SP1")
dbLoadRecords("NDGatherN.template",   "P=2bmbSP1:,R=Gather1:, N=7, PORT=GATHER1,ADDR=6,TIMEOUT=1,NDARRAY_PORT=SP1")
dbLoadRecords("NDGatherN.template",   "P=2bmbSP1:,R=Gather1:, N=8, PORT=GATHER1,ADDR=7,TIMEOUT=1,NDARRAY_PORT=SP1")
# Create 5 statistics plugins
NDStatsConfigure("STATS1", 2000, 0, "SP1", 0, 0, 0, 0, 0, 5)
dbLoadRecords("NDStats.template",     "P=2bmbSP1:,R=Stats1:,  PORT=STATS1,ADDR=0,TIMEOUT=1,HIST_SIZE=256,XSIZE=2048,YSIZE=2048,NCHANS=2048,NDARRAY_PORT=SP1")
NDTimeSeriesConfigure("STATS1_TS", 2000, 0, "STATS1", 1, 23)
dbLoadRecords("/local/epics/synApps_6_0/support/areaDetector-R3-3-1/ADCore/db/NDTimeSeries.template",  "P=2bmbSP1:,R=Stats1:TS:, PORT=STATS1_TS,ADDR=0,TIMEOUT=1,NDARRAY_PORT=STATS1,NDARRAY_ADDR=1,NCHANS=2048,ENABLED=1")
NDStatsConfigure("STATS2", 2000, 0, "ROI1",    0, 0, 0, 0, 0, 5)
dbLoadRecords("NDStats.template",     "P=2bmbSP1:,R=Stats2:,  PORT=STATS2,ADDR=0,TIMEOUT=1,HIST_SIZE=256,XSIZE=2048,YSIZE=2048,NCHANS=2048,NDARRAY_PORT=SP1")
NDTimeSeriesConfigure("STATS2_TS", 2000, 0, "STATS2", 1, 23)
dbLoadRecords("/local/epics/synApps_6_0/support/areaDetector-R3-3-1/ADCore/db/NDTimeSeries.template",  "P=2bmbSP1:,R=Stats2:TS:, PORT=STATS2_TS,ADDR=0,TIMEOUT=1,NDARRAY_PORT=STATS2,NDARRAY_ADDR=1,NCHANS=2048,ENABLED=1")
NDStatsConfigure("STATS3", 2000, 0, "ROI2",    0, 0, 0, 0, 0, 5)
dbLoadRecords("NDStats.template",     "P=2bmbSP1:,R=Stats3:,  PORT=STATS3,ADDR=0,TIMEOUT=1,HIST_SIZE=256,XSIZE=2048,YSIZE=2048,NCHANS=2048,NDARRAY_PORT=SP1")
NDTimeSeriesConfigure("STATS3_TS", 2000, 0, "STATS3", 1, 23)
dbLoadRecords("/local/epics/synApps_6_0/support/areaDetector-R3-3-1/ADCore/db/NDTimeSeries.template",  "P=2bmbSP1:,R=Stats3:TS:, PORT=STATS3_TS,ADDR=0,TIMEOUT=1,NDARRAY_PORT=STATS3,NDARRAY_ADDR=1,NCHANS=2048,ENABLED=1")
NDStatsConfigure("STATS4", 2000, 0, "ROI3",    0, 0, 0, 0, 0, 5)
dbLoadRecords("NDStats.template",     "P=2bmbSP1:,R=Stats4:,  PORT=STATS4,ADDR=0,TIMEOUT=1,HIST_SIZE=256,XSIZE=2048,YSIZE=2048,NCHANS=2048,NDARRAY_PORT=SP1")
NDTimeSeriesConfigure("STATS4_TS", 2000, 0, "STATS4", 1, 23)
dbLoadRecords("/local/epics/synApps_6_0/support/areaDetector-R3-3-1/ADCore/db/NDTimeSeries.template",  "P=2bmbSP1:,R=Stats4:TS:, PORT=STATS4_TS,ADDR=0,TIMEOUT=1,NDARRAY_PORT=STATS4,NDARRAY_ADDR=1,NCHANS=2048,ENABLED=1")
NDStatsConfigure("STATS5", 2000, 0, "ROI4",    0, 0, 0, 0, 0, 5)
dbLoadRecords("NDStats.template",     "P=2bmbSP1:,R=Stats5:,  PORT=STATS5,ADDR=0,TIMEOUT=1,HIST_SIZE=256,XSIZE=2048,YSIZE=2048,NCHANS=2048,NDARRAY_PORT=SP1")
NDTimeSeriesConfigure("STATS5_TS", 2000, 0, "STATS5", 1, 23)
dbLoadRecords("/local/epics/synApps_6_0/support/areaDetector-R3-3-1/ADCore/db/NDTimeSeries.template",  "P=2bmbSP1:,R=Stats5:TS:, PORT=STATS5_TS,ADDR=0,TIMEOUT=1,NDARRAY_PORT=STATS5,NDARRAY_ADDR=1,NCHANS=2048,ENABLED=1")
# Create a transform plugin
NDTransformConfigure("TRANS1", 2000, 0, "SP1", 0, 0, 0, 0, 0, 5)
dbLoadRecords("NDTransform.template", "P=2bmbSP1:,R=Trans1:,  PORT=TRANS1,ADDR=0,TIMEOUT=1,NDARRAY_PORT=SP1")
# Create an overlay plugin with 8 overlays
NDOverlayConfigure("OVER1", 2000, 0, "SP1", 0, 8, 0, 0, 0, 0, 5)
dbLoadRecords("NDOverlay.template", "P=2bmbSP1:,R=Over1:, PORT=OVER1,ADDR=0,TIMEOUT=1,NDARRAY_PORT=SP1")
dbLoadRecords("NDOverlayN.template","P=2bmbSP1:,R=Over1:1:,NAME=ROI1,   SHAPE=1,O=Over1:,XPOS=2bmbSP1:ROI1:MinX_RBV,YPOS=2bmbSP1:ROI1:MinY_RBV,XSIZE=2bmbSP1:ROI1:SizeX_RBV,YSIZE=2bmbSP1:ROI1:SizeY_RBV,PORT=OVER1,ADDR=0,TIMEOUT=1")
dbLoadRecords("NDOverlayN.template","P=2bmbSP1:,R=Over1:2:,NAME=ROI2,   SHAPE=1,O=Over1:,XPOS=2bmbSP1:ROI2:MinX_RBV,YPOS=2bmbSP1:ROI2:MinY_RBV,XSIZE=2bmbSP1:ROI2:SizeX_RBV,YSIZE=2bmbSP1:ROI2:SizeY_RBV,PORT=OVER1,ADDR=1,TIMEOUT=1")
dbLoadRecords("NDOverlayN.template","P=2bmbSP1:,R=Over1:3:,NAME=ROI3,   SHAPE=1,O=Over1:,XPOS=2bmbSP1:ROI3:MinX_RBV,YPOS=2bmbSP1:ROI3:MinY_RBV,XSIZE=2bmbSP1:ROI3:SizeX_RBV,YSIZE=2bmbSP1:ROI3:SizeY_RBV,PORT=OVER1,ADDR=2,TIMEOUT=1")
dbLoadRecords("NDOverlayN.template","P=2bmbSP1:,R=Over1:4:,NAME=ROI4,   SHAPE=1,O=Over1:,XPOS=2bmbSP1:ROI4:MinX_RBV,YPOS=2bmbSP1:ROI4:MinY_RBV,XSIZE=2bmbSP1:ROI4:SizeX_RBV,YSIZE=2bmbSP1:ROI4:SizeY_RBV,PORT=OVER1,ADDR=3,TIMEOUT=1")
dbLoadRecords("NDOverlayN.template","P=2bmbSP1:,R=Over1:5:,NAME=Cursor1,SHAPE=1,O=Over1:,XPOS=junk,                  YPOS=junk,                  XSIZE=junk,                   YSIZE=junk,                   PORT=OVER1,ADDR=4,TIMEOUT=1")
dbLoadRecords("NDOverlayN.template","P=2bmbSP1:,R=Over1:6:,NAME=Cursor2,SHAPE=1,O=Over1:,XPOS=junk,                  YPOS=junk,                  XSIZE=junk,                   YSIZE=junk,                   PORT=OVER1,ADDR=5,TIMEOUT=1")
dbLoadRecords("NDOverlayN.template","P=2bmbSP1:,R=Over1:7:,NAME=Box1,   SHAPE=1,O=Over1:,XPOS=junk,                  YPOS=junk,                  XSIZE=junk,                   YSIZE=junk,                   PORT=OVER1,ADDR=6,TIMEOUT=1")
dbLoadRecords("NDOverlayN.template","P=2bmbSP1:,R=Over1:8:,NAME=Box2,   SHAPE=1,O=Over1:,XPOS=junk,                  YPOS=junk,                  XSIZE=junk,                   YSIZE=junk,                   PORT=OVER1,ADDR=7,TIMEOUT=1")
# Create 2 color conversion plugins
NDColorConvertConfigure("CC1", 2000, 0, "SP1", 0, 0, 0, 0, 0, 5)
dbLoadRecords("NDColorConvert.template", "P=2bmbSP1:,R=CC1:,  PORT=CC1,ADDR=0,TIMEOUT=1,NDARRAY_PORT=SP1")
NDColorConvertConfigure("CC2", 2000, 0, "SP1", 0, 0, 0, 0, 0, 5)
dbLoadRecords("NDColorConvert.template", "P=2bmbSP1:,R=CC2:,  PORT=CC2,ADDR=0,TIMEOUT=1,NDARRAY_PORT=SP1")
# Create a circular buffer plugin
NDCircularBuffConfigure("CB1", 2000, 0, "SP1", 0, 500, 0)
dbLoadRecords("NDCircularBuff.template", "P=2bmbSP1:,R=CB1:,  PORT=CB1,ADDR=0,TIMEOUT=1,NDARRAY_PORT=SP1")
# Create an NDAttribute plugin with 8 attributes
NDAttrConfigure("ATTR1", 2000, 0, "SP1", 0, 8, 0, 0, 0)
dbLoadRecords("NDAttribute.template",  "P=2bmbSP1:,R=Attr1:,    PORT=ATTR1,ADDR=0,TIMEOUT=1,NCHANS=2048,NDARRAY_PORT=SP1")
dbLoadRecords("NDAttributeN.template", "P=2bmbSP1:,R=Attr1:1:,  PORT=ATTR1,ADDR=0,TIMEOUT=1,NCHANS=2048")
dbLoadRecords("NDAttributeN.template", "P=2bmbSP1:,R=Attr1:2:,  PORT=ATTR1,ADDR=1,TIMEOUT=1,NCHANS=2048")
dbLoadRecords("NDAttributeN.template", "P=2bmbSP1:,R=Attr1:3:,  PORT=ATTR1,ADDR=2,TIMEOUT=1,NCHANS=2048")
dbLoadRecords("NDAttributeN.template", "P=2bmbSP1:,R=Attr1:4:,  PORT=ATTR1,ADDR=3,TIMEOUT=1,NCHANS=2048")
dbLoadRecords("NDAttributeN.template", "P=2bmbSP1:,R=Attr1:5:,  PORT=ATTR1,ADDR=4,TIMEOUT=1,NCHANS=2048")
dbLoadRecords("NDAttributeN.template", "P=2bmbSP1:,R=Attr1:6:,  PORT=ATTR1,ADDR=5,TIMEOUT=1,NCHANS=2048")
dbLoadRecords("NDAttributeN.template", "P=2bmbSP1:,R=Attr1:7:,  PORT=ATTR1,ADDR=6,TIMEOUT=1,NCHANS=2048")
dbLoadRecords("NDAttributeN.template", "P=2bmbSP1:,R=Attr1:8:,  PORT=ATTR1,ADDR=7,TIMEOUT=1,NCHANS=2048")
# Create an FFT plugin
NDFFTConfigure("FFT1", 3, 0, "SP1", 0, 0, 0, 0, 0, 5)
dbLoadRecords("NDFFT.template", "P=2bmbSP1:, R=FFT1:, PORT=FFT1, ADDR=0, TIMEOUT=1, NDARRAY_PORT=SP1, NAME=FFT1, NCHANS=2048")
set_requestfile_path("./")
set_requestfile_path("/local/epics/synApps_6_0/support/areaDetector-R3-3-1/ADCore/ADApp/Db")
set_requestfile_path("/local/epics/synApps_6_0/support/areaDetector-R3-3-1/ADCore/iocBoot")
set_savefile_path("./autosave")
set_pass0_restoreFile("auto_settings.sav")
set_pass1_restoreFile("auto_settings.sav")
save_restoreSet_status_prefix("2bmbSP1:")
dbLoadRecords("/local/epics/synApps_6_0/support/autosave-R5-9/asApp/Db/save_restoreStatus.db", "P=2bmbSP1:")
# Optional: load NDPluginPva plugin
NDPvaConfigure("PVA1", 2000, 0, "SP1", 0, 2bmbSP1:Pva1:Image, 0, 0, 0)
dbLoadRecords("NDPva.template",  "P=2bmbSP1:,R=Pva1:, PORT=PVA1,ADDR=0,TIMEOUT=1,NDARRAY_PORT=SP1")
# Must start PVA server if this is enabled
startPVAServer
# Optional: load NDPluginEdge plugin
#NDEdgeConfigure("EDGE1", $(QSIZE), 0, "$(PORT)", 0, 0, 0, 0)
#dbLoadRecords("$(ADPLUGINEDGE)/db/NDEdge.template",  "P=$(PREFIX),R=Edge1:, PORT=EDGE1,ADDR=0,TIMEOUT=1,NDARRAY_PORT=$(PORT)")
#set_requestfile_path("$(ADPLUGINEDGE)/edgeApp/Db")
# Optional: load scan records
dbLoadRecords("/local/epics/synApps_6_0/support/sscan-R2-11-1/sscanApp/Db/scan.db", "P=2bmbSP1:,MAXPTS1=2000,MAXPTS2=200,MAXPTS3=20,MAXPTS4=10,MAXPTSH=10")
set_requestfile_path("/local/epics/synApps_6_0/support/sscan-R2-11-1/sscanApp/Db")
# Optional: load sseq record for acquisition sequence
dbLoadRecords("/local/epics/synApps_6_0/support/calc-R3-7-1/calcApp/Db/sseqRecord.db", "P=2bmbSP1:, S=AcquireSequence")
set_requestfile_path("/local/epics/synApps_6_0/support/calc-R3-7-1/calcApp/Db")
# Optional: load devIocStats records (requires DEVIOCSTATS module)
dbLoadRecords("/local/epics/synApps_6_0/support/iocStats-3-1-15/db/iocAdminSoft.db", "IOC=2bmbSP1:")
# Optional: load alive record (requires ALIVE module)
#dbLoadRecords("$(ALIVE)/aliveApp/Db/alive.db", "P=$(PREFIX),RHOST=192.168.1.254")
set_requestfile_path("/local/epics/synApps_6_0/support/areaDetector-R3-3-1/ADSpinnaker/iocs/spinnakerIOC/../../spinnakerApp/Db")
# Optional: load alive record (requires ALIVE module)
dbLoadRecords("/local/epics/synApps_6_0/support/alive-R1-1-0/aliveApp/Db/alive.db", "P=2bmbSP1:,RHOST=164.54.100.11")
iocInit()
############################################################################
## EPICS R7.0.1.2-DEV
## EPICS Base built Aug 29 2018
############################################################################
2bmbSP1:cam1:FrameRate devAsynFloat64::initCommon drvUserCreate 
2bmbSP1:cam1:BlackLevel devAsynFloat64::initCommon drvUserCreate 
2bmbSP1:cam1:WhiteBalanceRatio devAsynFloat64::initCommon drvUserCreate 
2bmbSP1:cam1:Saturation devAsynFloat64::initCommon drvUserCreate 
2bmbSP1:cam1:Gamma devAsynFloat64::initCommon drvUserCreate 
2bmbSP1:cam1:Sharpening devAsynFloat64::initCommon drvUserCreate 
2bmbSP1:cam1:TriggerDelay devAsynFloat64::initCommon drvUserCreate 
2bmbSP1:cam1:VideoMode_RBV devAsynInt32::initCommon drvUserCreate 
2bmbSP1:cam1:FrameRateAuto_RBV devAsynInt32::initCommon drvUserCreate 
2bmbSP1:cam1:AcquireTimeAuto_RBV devAsynInt32::initCommon drvUserCreate 
2bmbSP1:cam1:GainAuto_RBV devAsynInt32::initCommon drvUserCreate 
2bmbSP1:cam1:BlackLevelAuto_RBV devAsynInt32::initCommon drvUserCreate 
2bmbSP1:cam1:BlackLevelBalanceAuto_RBV devAsynInt32::initCommon drvUserCreate 
2bmbSP1:cam1:WhiteBalanceSelector_RBV devAsynInt32::initCommon drvUserCreate 
2bmbSP1:cam1:WhiteBalanceAuto_RBV devAsynInt32::initCommon drvUserCreate 
2bmbSP1:cam1:SharpeningAuto_RBV devAsynInt32::initCommon drvUserCreate 
2bmbSP1:cam1:PixelFormat_RBV devAsynInt32::initCommon drvUserCreate 
2bmbSP1:cam1:ConvertPixelFormat_RBV devAsynInt32::initCommon drvUserCreate 
2bmbSP1:cam1:TriggerSource_RBV devAsynInt32::initCommon drvUserCreate 
2bmbSP1:cam1:TriggerActivation_RBV devAsynInt32::initCommon drvUserCreate 
2bmbSP1:cam1:TriggerOverlap_RBV devAsynInt32::initCommon drvUserCreate 
2bmbSP1:cam1:ExposureMode_RBV devAsynInt32::initCommon drvUserCreate 
2bmbSP1:cam1:TimeStampMode_RBV devAsynInt32::initCommon drvUserCreate 
2bmbSP1:cam1:UniqueIdMode_RBV devAsynInt32::initCommon drvUserCreate 
2bmbSP1:cam1:FrameRateEnable_RBV devAsynInt32::initCommon drvUserCreate 
2bmbSP1:cam1:SaturationEnable_RBV devAsynInt32::initCommon drvUserCreate 
2bmbSP1:cam1:GammaEnable_RBV devAsynInt32::initCommon drvUserCreate 
2bmbSP1:cam1:SharpeningEnable_RBV devAsynInt32::initCommon drvUserCreate 
2bmbSP1:cam1:TriggerDelayEnable_RBV devAsynInt32::initCommon drvUserCreate 
2bmbSP1:cam1:VideoMode devAsynInt32::initCommon drvUserCreate 
2bmbSP1:cam1:FrameRateAuto devAsynInt32::initCommon drvUserCreate 
2bmbSP1:cam1:AcquireTimeAuto devAsynInt32::initCommon drvUserCreate 
2bmbSP1:cam1:GainAuto devAsynInt32::initCommon drvUserCreate 
2bmbSP1:cam1:BlackLevelAuto devAsynInt32::initCommon drvUserCreate 
2bmbSP1:cam1:BlackLevelBalanceAuto devAsynInt32::initCommon drvUserCreate 
2bmbSP1:cam1:WhiteBalanceSelector devAsynInt32::initCommon drvUserCreate 
2bmbSP1:cam1:WhiteBalanceAuto devAsynInt32::initCommon drvUserCreate 
2bmbSP1:cam1:SharpeningAuto devAsynInt32::initCommon drvUserCreate 
2bmbSP1:cam1:PixelFormat devAsynInt32::initCommon drvUserCreate 
2bmbSP1:cam1:ConvertPixelFormat devAsynInt32::initCommon drvUserCreate 
2bmbSP1:cam1:TriggerSource devAsynInt32::initCommon drvUserCreate 
2bmbSP1:cam1:TriggerActivation devAsynInt32::initCommon drvUserCreate 
2bmbSP1:cam1:TriggerOverlap devAsynInt32::initCommon drvUserCreate 
2bmbSP1:cam1:ExposureMode devAsynInt32::initCommon drvUserCreate 
2bmbSP1:cam1:FrameRate_RBV devAsynFloat64::initCommon drvUserCreate 
2bmbSP1:cam1:FrameRate_MAX devAsynFloat64::initCommon drvUserCreate 
2bmbSP1:cam1:FrameRate_MIN devAsynFloat64::initCommon drvUserCreate 
2bmbSP1:cam1:AcquireTime_MAX devAsynFloat64::initCommon drvUserCreate 
2bmbSP1:cam1:AcquireTime_MIN devAsynFloat64::initCommon drvUserCreate 
2bmbSP1:cam1:Gain_MAX devAsynFloat64::initCommon drvUserCreate 
2bmbSP1:cam1:Gain_MIN devAsynFloat64::initCommon drvUserCreate 
2bmbSP1:cam1:BlackLevel_RBV devAsynFloat64::initCommon drvUserCreate 
2bmbSP1:cam1:BlackLevel_MAX devAsynFloat64::initCommon drvUserCreate 
2bmbSP1:cam1:BlackLevel_MIN devAsynFloat64::initCommon drvUserCreate 
2bmbSP1:cam1:WhiteBalanceRatio_RBV devAsynFloat64::initCommon drvUserCreate 
2bmbSP1:cam1:WhiteBalanceRatio_MAX devAsynFloat64::initCommon drvUserCreate 
2bmbSP1:cam1:WhiteBalanceRatio_MIN devAsynFloat64::initCommon drvUserCreate 
2bmbSP1:cam1:Saturation_RBV devAsynFloat64::initCommon drvUserCreate 
2bmbSP1:cam1:Saturation_MAX devAsynFloat64::initCommon drvUserCreate 
2bmbSP1:cam1:Saturation_MIN devAsynFloat64::initCommon drvUserCreate 
2bmbSP1:cam1:Gamma_RBV devAsynFloat64::initCommon drvUserCreate 
2bmbSP1:cam1:Gamma_MAX devAsynFloat64::initCommon drvUserCreate 
2bmbSP1:cam1:Gamma_MIN devAsynFloat64::initCommon drvUserCreate 
2bmbSP1:cam1:Sharpening_RBV devAsynFloat64::initCommon drvUserCreate 
2bmbSP1:cam1:Sharpening_MAX devAsynFloat64::initCommon drvUserCreate 
2bmbSP1:cam1:Sharpening_MIN devAsynFloat64::initCommon drvUserCreate 
2bmbSP1:cam1:TriggerDelay_RBV devAsynFloat64::initCommon drvUserCreate 
2bmbSP1:cam1:TriggerDelay_MAX devAsynFloat64::initCommon drvUserCreate 
2bmbSP1:cam1:TriggerDelay_MIN devAsynFloat64::initCommon drvUserCreate 
2bmbSP1:cam1:TimeStampMode devAsynInt32::initCommon drvUserCreate 
2bmbSP1:cam1:UniqueIdMode devAsynInt32::initCommon drvUserCreate 
2bmbSP1:cam1:FrameRateEnable devAsynInt32::initCommon drvUserCreate 
2bmbSP1:cam1:SaturationEnable devAsynInt32::initCommon drvUserCreate 
2bmbSP1:cam1:GammaEnable devAsynInt32::initCommon drvUserCreate 
2bmbSP1:cam1:SharpeningEnable devAsynInt32::initCommon drvUserCreate 
2bmbSP1:cam1:TriggerDelayEnable devAsynInt32::initCommon drvUserCreate 
2bmbSP1:cam1:SoftwareTrigger devAsynInt32::initCommon drvUserCreate 
2bmbSP1:cam1:TransmitFailureCount devAsynInt32::initCommon drvUserCreate 
2bmbSP1:cam1:BufferUnderrunCount devAsynInt32::initCommon drvUserCreate 
2bmbSP1:cam1:FailedBufferCount devAsynInt32::initCommon drvUserCreate 
2bmbSP1:cam1:FailedPacketCount devAsynInt32::initCommon drvUserCreate 
# save things every thirty seconds
create_monitor_set("auto_settings.req", 30,"P=2bmbSP1:")
# Wait for enum callbacks to complete
epicsThreadSleep(1.0)
auto_settings.sav: 2720 of 2720 PV's connected
# Wait for callbacks on the property limits (DRVL, DRVH) to complete
epicsThreadSleep(1.0)
epics> epics> epics> 